# JRE version: OpenJDK Runtime Environment (11.0.10) (build 11.0.10+0-b96-7281165)
# Java VM: OpenJDK 64-Bit Server VM (11.0.10+0-b96-7281165, mixed mode, tiered, compressed oops, g1 gc, bsd-amd64)
Heap:
 garbage-first heap   total 157696K, used 111839K [0x0000000780000000, 0x0000000800000000)
  region size 1024K, 90 young (92160K), 9 survivors (9216K)
 Metaspace       used 46483K, capacity 47742K, committed 48000K, reserved 1091584K
  class space    used 5965K, capacity 6408K, committed 6528K, reserved 1048576K
GC Heap History (13 events):
Event: 0.435 GC heap before
{Heap before GC invocations=0 (full 0):
 garbage-first heap   total 131072K, used 29696K [0x0000000780000000, 0x0000000800000000)
  region size 1024K, 24 young (24576K), 0 survivors (0K)
 Metaspace       used 10047K, capacity 10375K, committed 10624K, reserved 1058816K
  class space    used 1050K, capacity 1141K, committed 1152K, reserved 1048576K
}
Event: 0.439 GC heap after
{Heap after GC invocations=1 (full 0):
 garbage-first heap   total 131072K, used 9337K [0x0000000780000000, 0x0000000800000000)
  region size 1024K, 3 young (3072K), 3 survivors (3072K)
 Metaspace       used 10047K, capacity 10375K, committed 10624K, reserved 1058816K
  class space    used 1050K, capacity 1141K, committed 1152K, reserved 1048576K
}
Event: 1.117 GC heap before
{Heap before GC invocations=1 (full 0):
 garbage-first heap   total 131072K, used 84089K [0x0000000780000000, 0x0000000800000000)
  region size 1024K, 76 young (77824K), 3 survivors (3072K)
 Metaspace       used 17807K, capacity 18248K, committed 18432K, reserved 1064960K
  class space    used 2126K, capacity 2263K, committed 2304K, reserved 1048576K
}
Event: 1.124 GC heap after
{Heap after GC invocations=2 (full 0):
 garbage-first heap   total 131072K, used 15607K [0x0000000780000000, 0x0000000800000000)
  region size 1024K, 10 young (10240K), 10 survivors (10240K)
 Metaspace       used 17807K, capacity 18248K, committed 18432K, reserved 1064960K
  class space    used 2126K, capacity 2263K, committed 2304K, reserved 1048576K
}
Event: 1.336 GC heap before
{Heap before GC invocations=2 (full 0):
 garbage-first heap   total 131072K, used 37111K [0x0000000780000000, 0x0000000800000000)
  region size 1024K, 32 young (32768K), 10 survivors (10240K)
 Metaspace       used 20591K, capacity 21145K, committed 21248K, reserved 1067008K
  class space    used 2528K, capacity 2724K, committed 2816K, reserved 1048576K
}
Event: 1.341 GC heap after
{Heap after GC invocations=3 (full 0):
 garbage-first heap   total 131072K, used 17192K [0x0000000780000000, 0x0000000800000000)
  region size 1024K, 1 young (1024K), 1 survivors (1024K)
 Metaspace       used 20591K, capacity 21145K, committed 21248K, reserved 1067008K
  class space    used 2528K, capacity 2724K, committed 2816K, reserved 1048576K
}
Event: 2.001 GC heap before
{Heap before GC invocations=4 (full 0):
 garbage-first heap   total 131072K, used 90920K [0x0000000780000000, 0x0000000800000000)
  region size 1024K, 73 young (74752K), 1 survivors (1024K)
 Metaspace       used 27659K, capacity 28365K, committed 28544K, reserved 1073152K
  class space    used 3684K, capacity 3922K, committed 3968K, reserved 1048576K
}
Event: 2.004 GC heap after
{Heap after GC invocations=5 (full 0):
 garbage-first heap   total 131072K, used 19339K [0x0000000780000000, 0x0000000800000000)
  region size 1024K, 4 young (4096K), 4 survivors (4096K)
 Metaspace       used 27659K, capacity 28365K, committed 28544K, reserved 1073152K
  class space    used 3684K, capacity 3922K, committed 3968K, reserved 1048576K
}
Event: 2.426 GC heap before
{Heap before GC invocations=5 (full 0):
 garbage-first heap   total 131072K, used 52107K [0x0000000780000000, 0x0000000800000000)
  region size 1024K, 38 young (38912K), 4 survivors (4096K)
 Metaspace       used 34925K, capacity 35662K, committed 35840K, reserved 1081344K
  class space    used 4537K, capacity 4824K, committed 4864K, reserved 1048576K
}
Event: 2.431 GC heap after
{Heap after GC invocations=6 (full 0):
 garbage-first heap   total 131072K, used 22146K [0x0000000780000000, 0x0000000800000000)
  region size 1024K, 6 young (6144K), 6 survivors (6144K)
 Metaspace       used 34925K, capacity 35662K, committed 35840K, reserved 1081344K
  class space    used 4537K, capacity 4824K, committed 4864K, reserved 1048576K
}
Event: 2.935 GC heap before
{Heap before GC invocations=7 (full 0):
 garbage-first heap   total 131072K, used 95874K [0x0000000780000000, 0x0000000800000000)
  region size 1024K, 76 young (77824K), 6 survivors (6144K)
 Metaspace       used 39888K, capacity 40790K, committed 41088K, reserved 1085440K
  class space    used 5140K, capacity 5456K, committed 5504K, reserved 1048576K
}
Event: 2.944 GC heap after
{Heap after GC invocations=8 (full 0):
 garbage-first heap   total 157696K, used 27871K [0x0000000780000000, 0x0000000800000000)
  region size 1024K, 9 young (9216K), 9 survivors (9216K)
 Metaspace       used 39888K, capacity 40790K, committed 41088K, reserved 1085440K
  class space    used 5140K, capacity 5456K, committed 5504K, reserved 1048576K
}
Event: 3.694 GC heap before
{Heap before GC invocations=8 (full 0):
 garbage-first heap   total 157696K, used 110815K [0x0000000780000000, 0x0000000800000000)
  region size 1024K, 90 young (92160K), 9 survivors (9216K)
 Metaspace       used 46483K, capacity 47742K, committed 48000K, reserved 1091584K
  class space    used 5965K, capacity 6408K, committed 6528K, reserved 1048576K
}

